# List of libraries (*.so) included in a wybox firmware
# Source firmware: CMT2DW 8036
# Generated with: ls -1 /lib/*.so* /usr/lib/*.so* > wybox-libs.lst
# Date: June 2010

/lib/ld-2.6.1.so
/lib/ld-linux.so.2
/lib/libBrokenLocale-2.6.1.so
/lib/libBrokenLocale.so.1
/lib/libSegFault.so
/lib/libanl-2.6.1.so
/lib/libanl.so.1
/lib/libblkid.so
/lib/libblkid.so.1
/lib/libblkid.so.1.0
/lib/libc-2.6.1.so
/lib/libc.so.6
/lib/libcidn-2.6.1.so
/lib/libcidn.so.1
/lib/libcom_err.so
/lib/libcom_err.so.2
/lib/libcom_err.so.2.1
/lib/libcrypt-2.6.1.so
/lib/libcrypt.so.1
/lib/libdl-2.6.1.so
/lib/libdl.so.2
/lib/libe2p.so
/lib/libe2p.so.2
/lib/libe2p.so.2.3
/lib/libext2fs.so
/lib/libext2fs.so.2
/lib/libext2fs.so.2.4
/lib/libinitng.so
/lib/libinitng.so.0
/lib/libinitng.so.0.0.0
/lib/libiw.so
/lib/libiw.so.29
/lib/libm-2.6.1.so
/lib/libm.so.6
/lib/libmemusage.so
/lib/libngcclient.so
/lib/libngcclient.so.0
/lib/libngcclient.so.0.0.0
/lib/libngeclient.so
/lib/libngeclient.so.0
/lib/libngeclient.so.0.0.0
/lib/libnl.so
/lib/libnl.so.1
/lib/libnl.so.1.0-pre6
/lib/libnsl-2.6.1.so
/lib/libnsl.so.1
/lib/libnss_compat-2.6.1.so
/lib/libnss_compat.so.2
/lib/libnss_dns-2.6.1.so
/lib/libnss_dns.so.2
/lib/libnss_files-2.6.1.so
/lib/libnss_files.so.2
/lib/libnss_hesiod-2.6.1.so
/lib/libnss_hesiod.so.2
/lib/libnss_nis-2.6.1.so
/lib/libnss_nis.so.2
/lib/libnss_nisplus-2.6.1.so
/lib/libnss_nisplus.so.2
/lib/libpcprofile.so
/lib/libpthread-2.6.1.so
/lib/libpthread.so.0
/lib/libresolv-2.6.1.so
/lib/libresolv.so.2
/lib/librt-2.6.1.so
/lib/librt.so.1
/lib/libss.so
/lib/libss.so.2
/lib/libss.so.2.0
/lib/libsysfs.so
/lib/libsysfs.so.1
/lib/libsysfs.so.1.0.3
/lib/libthread_db-1.0.so
/lib/libthread_db.so.1
/lib/libutil-2.6.1.so
/lib/libutil.so.1
/lib/libuuid.so
/lib/libuuid.so.1
/lib/libuuid.so.1.2
/lib/libvolume_id.so
/lib/libvolume_id.so.0
/lib/libvolume_id.so.0.82.0
/lib/libz.so
/lib/libz.so.1
/lib/libz.so.1.2.3
/usr/lib/libImlib2.so
/usr/lib/libImlib2.so.1
/usr/lib/libImlib2.so.1.3.0
/usr/lib/libasound.so
/usr/lib/libasound.so.2
/usr/lib/libasound.so.2.0.0
/usr/lib/libavcodec.so
/usr/lib/libavcodec.so.51
/usr/lib/libavcodec.so.51.48.0
/usr/lib/libavdevice.so
/usr/lib/libavdevice.so.52
/usr/lib/libavdevice.so.52.0.0
/usr/lib/libavformat.so
/usr/lib/libavformat.so.52
/usr/lib/libavformat.so.52.1.0
/usr/lib/libavutil.so
/usr/lib/libavutil.so.49
/usr/lib/libavutil.so.49.5.0
/usr/lib/libcrypto.so
/usr/lib/libcrypto.so.0.9.8
/usr/lib/libcurl.so
/usr/lib/libcurl.so.3
/usr/lib/libcurl.so.3.0.0
/usr/lib/libdbus-1.so
/usr/lib/libdbus-1.so.3
/usr/lib/libdbus-1.so.3.3.0
/usr/lib/libdbus-c++-1.so
/usr/lib/libdbus-c++-1.so.0
/usr/lib/libdbus-c++-1.so.0.0.0
/usr/lib/libdbus-glib-1.so
/usr/lib/libdbus-glib-1.so.2
/usr/lib/libdbus-glib-1.so.2.0.0
/usr/lib/libdirect-1.0.so.0
/usr/lib/libdirect-1.0.so.0.1.0
/usr/lib/libdirect.so
/usr/lib/libdirectfb-1.0.so.0
/usr/lib/libdirectfb-1.0.so.0.1.0
/usr/lib/libdirectfb.so
/usr/lib/libepeg.so
/usr/lib/libepeg.so.0
/usr/lib/libepeg.so.0.9.0
/usr/lib/libevas.so
/usr/lib/libevas.so.1
/usr/lib/libevas.so.1.0.0
/usr/lib/libexif.so
/usr/lib/libexif.so.10
/usr/lib/libexif.so.10.2.1
/usr/lib/libexpat.so
/usr/lib/libexpat.so.0
/usr/lib/libexpat.so.0.5.0
/usr/lib/libexslt.so
/usr/lib/libexslt.so.0
/usr/lib/libexslt.so.0.8.13
/usr/lib/libffi.so
/usr/lib/libffi.so.4
/usr/lib/libffi.so.4.0.1
/usr/lib/libfreetype.so
/usr/lib/libfreetype.so.6
/usr/lib/libfreetype.so.6.3.8
/usr/lib/libfuse.so
/usr/lib/libfuse.so.2
/usr/lib/libfuse.so.2.7.4
/usr/lib/libfusion-1.0.so.0
/usr/lib/libfusion-1.0.so.0.1.0
/usr/lib/libfusion.so
/usr/lib/libgcc_s.so
/usr/lib/libgcc_s.so.1
/usr/lib/libgif.so
/usr/lib/libgif.so.4
/usr/lib/libgif.so.4.1.4
/usr/lib/libgio-2.0.so
/usr/lib/libgio-2.0.so.0
/usr/lib/libgio-2.0.so.0.0.0
/usr/lib/libglib-2.0.so
/usr/lib/libglib-2.0.so.0
/usr/lib/libglib-2.0.so.0.1600.1
/usr/lib/libgmodule-2.0.so
/usr/lib/libgmodule-2.0.so.0
/usr/lib/libgmodule-2.0.so.0.1600.1
/usr/lib/libgobject-2.0.so
/usr/lib/libgobject-2.0.so.0
/usr/lib/libgobject-2.0.so.0.1600.1
/usr/lib/libgphoto2.so
/usr/lib/libgphoto2.so.2
/usr/lib/libgphoto2.so.2.4.0
/usr/lib/libgphoto2_port.so
/usr/lib/libgphoto2_port.so.0
/usr/lib/libgphoto2_port.so.0.8.0
/usr/lib/libgthread-2.0.so
/usr/lib/libgthread-2.0.so.0
/usr/lib/libgthread-2.0.so.0.1600.1
/usr/lib/libhal-storage.so
/usr/lib/libhal-storage.so.1
/usr/lib/libhal-storage.so.1.0.0
/usr/lib/libhal.so
/usr/lib/libhal.so.1
/usr/lib/libhal.so.1.0.0
/usr/lib/libixml.so
/usr/lib/libixml.so.2
/usr/lib/libixml.so.2.0.3
/usr/lib/libjpeg.so
/usr/lib/libjpeg.so.62
/usr/lib/libjpeg.so.62.0.0
/usr/lib/liblirc_client.so
/usr/lib/liblirc_client.so.0
/usr/lib/liblirc_client.so.0.0.0
/usr/lib/libltdl.so
/usr/lib/libltdl.so.3
/usr/lib/libltdl.so.3.1.4
/usr/lib/libnm-util.so
/usr/lib/libnm-util.so.0
/usr/lib/libnm-util.so.0.0.0
/usr/lib/libnm_glib.so
/usr/lib/libnm_glib.so.0
/usr/lib/libnm_glib.so.0.0.0
/usr/lib/libpcap.so
/usr/lib/libpcap.so.0
/usr/lib/libpcap.so.0.9
/usr/lib/libpng.so
/usr/lib/libpng.so.3
/usr/lib/libpng.so.3.16.0
/usr/lib/libpng12.so
/usr/lib/libpng12.so.0
/usr/lib/libpng12.so.0.16.0
/usr/lib/libraptor.so
/usr/lib/libraptor.so.1
/usr/lib/libraptor.so.1.1.0
/usr/lib/libsqlite3.so
/usr/lib/libsqlite3.so.0
/usr/lib/libsqlite3.so.0.8.6
/usr/lib/libssl.so
/usr/lib/libssl.so.0.9.8
/usr/lib/libstdc++.so
/usr/lib/libstdc++.so.6
/usr/lib/libstdc++.so.6.0.9
/usr/lib/libsysfs.so
/usr/lib/libthreadutil.so
/usr/lib/libthreadutil.so.2
/usr/lib/libthreadutil.so.2.1.0
/usr/lib/libtiff.so
/usr/lib/libtiff.so.3
/usr/lib/libtiff.so.3.8.2
/usr/lib/libulockmgr.so
/usr/lib/libulockmgr.so.1
/usr/lib/libulockmgr.so.1.0.1
/usr/lib/libupdate_client.so
/usr/lib/libupdateannounce.so
/usr/lib/libupdateconf.so
/usr/lib/libupnp.so
/usr/lib/libupnp.so.2
/usr/lib/libupnp.so.2.0.3
/usr/lib/liburi.so
/usr/lib/libusb-0.1.so.4
/usr/lib/libusb-0.1.so.4.4.4
/usr/lib/libusb.so
/usr/lib/libusbpp-0.1.so.4
/usr/lib/libusbpp-0.1.so.4.4.4
/usr/lib/libusbpp.so
/usr/lib/libwydbus.so
/usr/lib/libwyffmpeg.so
/usr/lib/libwylog.so
/usr/lib/libwymedia.so
/usr/lib/libwymts.so
/usr/lib/libwymts.so.0
/usr/lib/libwymts.so.0.0.0
/usr/lib/libwypackage.so
/usr/lib/libwyrec.so
/usr/lib/libwyrender.so
/usr/lib/libwytransport.so
/usr/lib/libwyupnp_cds.so
/usr/lib/libwyupnp_client.so
/usr/lib/libwyupnp_cm.so
/usr/lib/libwyvas.so
/usr/lib/libxml2.so
/usr/lib/libxml2.so.2
/usr/lib/libxml2.so.2.6.27
/usr/lib/libxslt.so
/usr/lib/libxslt.so.1
/usr/lib/libxslt.so.1.1.20
